<?xml version="1.0" encoding="UTF-8"?>
<!-- Generated by org.testng.reporters.JUnitReportReporter -->
<testsuite hostname="DESKTOP-KMDUE1Q" failures="0" tests="1" name="tests.Test_directions" time="6.368" errors="0" timestamp="2021-08-12T12:38:23 EET" skipped="0">
  <testcase classname="tests.Test_directions" name="set_diection" time="6.368"/>
  <system-out/>
</testsuite> <!-- tests.Test_directions -->
